000 (5046083.002.000) 2024-10-14 12:45:45 Job submitted from host: <131.169.223.41:9618?addrs=131.169.223.41-9618+[2001-638-700-10df--1-29]-9618&alias=bird-htc-sched21.desy.de&noUDP&sock=schedd_3603117_2564>
...
001 (5046083.002.000) 2024-10-14 12:46:18 Job executing on host: <131.169.160.157:40113?addrs=131.169.160.157-40113+[2001-638-700-10a0--1-9d]-40113&alias=batch1057.desy.de>
	SlotName: slot2_43@batch1057.desy.de
	CondorScratchDir = "/var/lib/condor/execute/dir_1329868"
	Cpus = 1
	Disk = 2049520
	GPUs = 0
	Memory = 2048
...
006 (5046083.002.000) 2024-10-14 12:46:26 Image size of job updated: 186444
	183  -  MemoryUsage of job (MB)
	186444  -  ResidentSetSize of job (KB)
...
006 (5046083.002.000) 2024-10-14 12:46:33 Image size of job updated: 642564
	475  -  MemoryUsage of job (MB)
	485748  -  ResidentSetSize of job (KB)
...
005 (5046083.002.000) 2024-10-14 12:46:34 Job terminated.
	(1) Normal termination (return value 1)
		Usr 0 00:00:04, Sys 0 00:00:03  -  Run Remote Usage
		Usr 0 00:00:00, Sys 0 00:00:00  -  Run Local Usage
		Usr 0 00:00:04, Sys 0 00:00:03  -  Total Remote Usage
		Usr 0 00:00:00, Sys 0 00:00:00  -  Total Local Usage
	0  -  Run Bytes Sent By Job
	0  -  Run Bytes Received By Job
	0  -  Total Bytes Sent By Job
	0  -  Total Bytes Received By Job
	Partitionable Resources :    Usage  Request Allocated 
	   Cpus                 :                 1         1 
	   Disk (KB)            :     1000  2048000   2049520 
	   GPUs                 :                           0 
	   Memory (MB)          :      475     2048      2048 
	   TimeExecute (s)      :       18                    
	   TimeSlotBusy (s)     :       19                    

	Job terminated of its own accord at 2024-10-14T10:46:33Z with exit-code 1.
...
