000 (5046118.004.000) 2024-10-14 12:46:12 Job submitted from host: <131.169.223.41:9618?addrs=131.169.223.41-9618+[2001-638-700-10df--1-29]-9618&alias=bird-htc-sched21.desy.de&noUDP&sock=schedd_3603117_2564>
...
001 (5046118.004.000) 2024-10-14 12:46:20 Job executing on host: <131.169.162.125:37953?addrs=131.169.162.125-37953+[2001-638-700-10a0--1-27d]-37953&alias=batch1563.desy.de>
	SlotName: slot2_34@batch1563.desy.de
	CondorScratchDir = "/var/lib/condor/execute/dir_2791669"
	Cpus = 1
	Disk = 2050634
	GPUs = 0
	Memory = 2048
...
006 (5046118.004.000) 2024-10-14 12:46:29 Image size of job updated: 105996
	104  -  MemoryUsage of job (MB)
	105992  -  ResidentSetSize of job (KB)
...
006 (5046118.004.000) 2024-10-14 12:46:35 Image size of job updated: 267708
	108  -  MemoryUsage of job (MB)
	110492  -  ResidentSetSize of job (KB)
...
005 (5046118.004.000) 2024-10-14 12:46:35 Job terminated.
	(1) Normal termination (return value 1)
		Usr 0 00:00:03, Sys 0 00:00:02  -  Run Remote Usage
		Usr 0 00:00:00, Sys 0 00:00:00  -  Run Local Usage
		Usr 0 00:00:03, Sys 0 00:00:02  -  Total Remote Usage
		Usr 0 00:00:00, Sys 0 00:00:00  -  Total Local Usage
	0  -  Run Bytes Sent By Job
	0  -  Run Bytes Received By Job
	0  -  Total Bytes Sent By Job
	0  -  Total Bytes Received By Job
	Partitionable Resources :    Usage  Request Allocated 
	   Cpus                 :        0        1         1 
	   Disk (KB)            :     1000  2048000   2050634 
	   GPUs                 :                           0 
	   Memory (MB)          :      108     2048      2048 
	   TimeExecute (s)      :       15                    
	   TimeSlotBusy (s)     :       16                    

	Job terminated of its own accord at 2024-10-14T10:46:35Z with exit-code 1.
...
