000 (5046141.001.000) 2024-10-14 12:46:33 Job submitted from host: <131.169.223.41:9618?addrs=131.169.223.41-9618+[2001-638-700-10df--1-29]-9618&alias=bird-htc-sched21.desy.de&noUDP&sock=schedd_3603117_2564>
...
001 (5046141.001.000) 2024-10-14 12:46:36 Job executing on host: <131.169.162.121:40611?addrs=131.169.162.121-40611+[2001-638-700-10a0--1-279]-40611&alias=batch1559.desy.de>
	SlotName: slot2_38@batch1559.desy.de
	CondorScratchDir = "/var/lib/condor/execute/dir_3324008"
	Cpus = 1
	Disk = 2050633
	GPUs = 0
	Memory = 2048
...
006 (5046141.001.000) 2024-10-14 12:46:43 Image size of job updated: 168580
	11  -  MemoryUsage of job (MB)
	10428  -  ResidentSetSize of job (KB)
...
005 (5046141.001.000) 2024-10-14 12:46:43 Job terminated.
	(1) Normal termination (return value 1)
		Usr 0 00:00:03, Sys 0 00:00:01  -  Run Remote Usage
		Usr 0 00:00:00, Sys 0 00:00:00  -  Run Local Usage
		Usr 0 00:00:03, Sys 0 00:00:01  -  Total Remote Usage
		Usr 0 00:00:00, Sys 0 00:00:00  -  Total Local Usage
	0  -  Run Bytes Sent By Job
	0  -  Run Bytes Received By Job
	0  -  Total Bytes Sent By Job
	0  -  Total Bytes Received By Job
	Partitionable Resources :    Usage  Request Allocated 
	   Cpus                 :        0        1         1 
	   Disk (KB)            :     1000  2048000   2050633 
	   GPUs                 :                           0 
	   Memory (MB)          :       11     2048      2048 
	   TimeExecute (s)      :        7                    
	   TimeSlotBusy (s)     :        7                    

	Job terminated of its own accord at 2024-10-14T10:46:43Z with exit-code 1.
...
