000 (5046131.003.000) 2024-10-14 12:46:23 Job submitted from host: <131.169.223.41:9618?addrs=131.169.223.41-9618+[2001-638-700-10df--1-29]-9618&alias=bird-htc-sched21.desy.de&noUDP&sock=schedd_3603117_2564>
...
001 (5046131.003.000) 2024-10-14 12:46:34 Job executing on host: <131.169.162.123:44227?addrs=131.169.162.123-44227+[2001-638-700-10a0--1-27b]-44227&alias=batch1561.desy.de>
	SlotName: slot2_55@batch1561.desy.de
	CondorScratchDir = "/var/lib/condor/execute/dir_3013283"
	Cpus = 1
	Disk = 2050633
	GPUs = 0
	Memory = 2048
...
006 (5046131.003.000) 2024-10-14 12:46:39 Image size of job updated: 9366652
	166  -  MemoryUsage of job (MB)
	169172  -  ResidentSetSize of job (KB)
...
005 (5046131.003.000) 2024-10-14 12:46:39 Job terminated.
	(1) Normal termination (return value 1)
		Usr 5 18:40:28, Sys 0 01:58:43  -  Run Remote Usage
		Usr 0 00:00:00, Sys 0 00:00:00  -  Run Local Usage
		Usr 5 18:40:28, Sys 0 01:58:43  -  Total Remote Usage
		Usr 0 00:00:00, Sys 0 00:00:00  -  Total Local Usage
	0  -  Run Bytes Sent By Job
	0  -  Run Bytes Received By Job
	0  -  Total Bytes Sent By Job
	0  -  Total Bytes Received By Job
	Partitionable Resources :    Usage  Request Allocated 
	   Cpus                 :                 1         1 
	   Disk (KB)            :     1000  2048000   2050633 
	   GPUs                 :                           0 
	   Memory (MB)          :      166     2048      2048 
	   TimeExecute (s)      :        5                    
	   TimeSlotBusy (s)     :        6                    

	Job terminated of its own accord at 2024-10-14T10:46:39Z with exit-code 1.
...
