000 (5046114.000.000) 2024-10-14 12:46:10 Job submitted from host: <131.169.223.41:9618?addrs=131.169.223.41-9618+[2001-638-700-10df--1-29]-9618&alias=bird-htc-sched21.desy.de&noUDP&sock=schedd_3603117_2564>
...
001 (5046114.000.000) 2024-10-14 12:46:20 Job executing on host: <131.169.162.122:43829?addrs=131.169.162.122-43829+[2001-638-700-10a0--1-27a]-43829&alias=batch1560.desy.de>
	SlotName: slot2_34@batch1560.desy.de
	CondorScratchDir = "/var/lib/condor/execute/dir_3081925"
	Cpus = 1
	Disk = 2050633
	GPUs = 0
	Memory = 2048
...
006 (5046114.000.000) 2024-10-14 12:46:28 Image size of job updated: 186976
	183  -  MemoryUsage of job (MB)
	186972  -  ResidentSetSize of job (KB)
...
006 (5046114.000.000) 2024-10-14 12:46:31 Image size of job updated: 285008
	183  -  MemoryUsage of job (MB)
	186972  -  ResidentSetSize of job (KB)
...
005 (5046114.000.000) 2024-10-14 12:46:31 Job terminated.
	(1) Normal termination (return value 1)
		Usr 0 00:00:03, Sys 0 00:00:01  -  Run Remote Usage
		Usr 0 00:00:00, Sys 0 00:00:00  -  Run Local Usage
		Usr 0 00:00:03, Sys 0 00:00:01  -  Total Remote Usage
		Usr 0 00:00:00, Sys 0 00:00:00  -  Total Local Usage
	0  -  Run Bytes Sent By Job
	0  -  Run Bytes Received By Job
	0  -  Total Bytes Sent By Job
	0  -  Total Bytes Received By Job
	Partitionable Resources :    Usage  Request Allocated 
	   Cpus                 :        0        1         1 
	   Disk (KB)            :     1000  2048000   2050633 
	   GPUs                 :                           0 
	   Memory (MB)          :      183     2048      2048 
	   TimeExecute (s)      :       11                    
	   TimeSlotBusy (s)     :       13                    

	Job terminated of its own accord at 2024-10-14T10:46:31Z with exit-code 1.
...
