000 (5046089.037.000) 2024-10-14 12:45:49 Job submitted from host: <131.169.223.41:9618?addrs=131.169.223.41-9618+[2001-638-700-10df--1-29]-9618&alias=bird-htc-sched21.desy.de&noUDP&sock=schedd_3603117_2564>
...
001 (5046089.037.000) 2024-10-14 12:46:22 Job executing on host: <131.169.162.128:38313?addrs=131.169.162.128-38313+[2001-638-700-10a0--1-280]-38313&alias=batch1566.desy.de>
	SlotName: slot2_35@batch1566.desy.de
	CondorScratchDir = "/var/lib/condor/execute/dir_3916592"
	Cpus = 1
	Disk = 2050633
	GPUs = 0
	Memory = 2048
...
006 (5046089.037.000) 2024-10-14 12:46:30 Image size of job updated: 12400
	12  -  MemoryUsage of job (MB)
	11924  -  ResidentSetSize of job (KB)
...
006 (5046089.037.000) 2024-10-14 12:46:40 Image size of job updated: 272820
	113  -  MemoryUsage of job (MB)
	115064  -  ResidentSetSize of job (KB)
...
005 (5046089.037.000) 2024-10-14 12:46:40 Job terminated.
	(1) Normal termination (return value 1)
		Usr 0 00:00:03, Sys 0 00:00:02  -  Run Remote Usage
		Usr 0 00:00:00, Sys 0 00:00:00  -  Run Local Usage
		Usr 0 00:00:03, Sys 0 00:00:02  -  Total Remote Usage
		Usr 0 00:00:00, Sys 0 00:00:00  -  Total Local Usage
	0  -  Run Bytes Sent By Job
	0  -  Run Bytes Received By Job
	0  -  Total Bytes Sent By Job
	0  -  Total Bytes Received By Job
	Partitionable Resources :    Usage  Request Allocated 
	   Cpus                 :        0        1         1 
	   Disk (KB)            :     1000  2048000   2050633 
	   GPUs                 :                           0 
	   Memory (MB)          :      113     2048      2048 
	   TimeExecute (s)      :       18                    
	   TimeSlotBusy (s)     :       22                    

	Job terminated of its own accord at 2024-10-14T10:46:40Z with exit-code 1.
...
