000 (5046128.034.000) 2024-10-14 12:46:21 Job submitted from host: <131.169.223.41:9618?addrs=131.169.223.41-9618+[2001-638-700-10df--1-29]-9618&alias=bird-htc-sched21.desy.de&noUDP&sock=schedd_3603117_2564>
...
001 (5046128.034.000) 2024-10-14 12:46:32 Job executing on host: <131.169.162.174:37449?addrs=131.169.162.174-37449+[2001-638-700-10a0--1-2ae]-37449&alias=batch1572.desy.de>
	SlotName: slot2_15@batch1572.desy.de
	CondorScratchDir = "/var/lib/condor/execute/dir_3519536"
	Cpus = 1
	Disk = 2050633
	GPUs = 0
	Memory = 2048
...
006 (5046128.034.000) 2024-10-14 12:46:38 Image size of job updated: 159912
	2  -  MemoryUsage of job (MB)
	1724  -  ResidentSetSize of job (KB)
...
005 (5046128.034.000) 2024-10-14 12:46:38 Job terminated.
	(1) Normal termination (return value 1)
		Usr 0 00:00:02, Sys 0 00:00:01  -  Run Remote Usage
		Usr 0 00:00:00, Sys 0 00:00:00  -  Run Local Usage
		Usr 0 00:00:02, Sys 0 00:00:01  -  Total Remote Usage
		Usr 0 00:00:00, Sys 0 00:00:00  -  Total Local Usage
	0  -  Run Bytes Sent By Job
	0  -  Run Bytes Received By Job
	0  -  Total Bytes Sent By Job
	0  -  Total Bytes Received By Job
	Partitionable Resources :    Usage  Request Allocated 
	   Cpus                 :        0        1         1 
	   Disk (KB)            :     1000  2048000   2050633 
	   GPUs                 :                           0 
	   Memory (MB)          :        2     2048      2048 
	   TimeExecute (s)      :        6                    
	   TimeSlotBusy (s)     :        6                    

	Job terminated of its own accord at 2024-10-14T10:46:38Z with exit-code 1.
...
