000 (5046117.004.000) 2024-10-14 12:46:11 Job submitted from host: <131.169.223.41:9618?addrs=131.169.223.41-9618+[2001-638-700-10df--1-29]-9618&alias=bird-htc-sched21.desy.de&noUDP&sock=schedd_3603117_2564>
...
001 (5046117.004.000) 2024-10-14 12:46:27 Job executing on host: <131.169.162.173:39051?addrs=131.169.162.173-39051+[2001-638-700-10a0--1-2ad]-39051&alias=batch1571.desy.de>
	SlotName: slot2_33@batch1571.desy.de
	CondorScratchDir = "/var/lib/condor/execute/dir_1398685"
	Cpus = 1
	Disk = 2050629
	GPUs = 0
	Memory = 2048
...
006 (5046117.004.000) 2024-10-14 12:46:36 Image size of job updated: 177468
	174  -  MemoryUsage of job (MB)
	177468  -  ResidentSetSize of job (KB)
...
006 (5046117.004.000) 2024-10-14 12:46:39 Image size of job updated: 284880
	174  -  MemoryUsage of job (MB)
	177468  -  ResidentSetSize of job (KB)
...
005 (5046117.004.000) 2024-10-14 12:46:39 Job terminated.
	(1) Normal termination (return value 1)
		Usr 0 00:00:03, Sys 0 00:00:01  -  Run Remote Usage
		Usr 0 00:00:00, Sys 0 00:00:00  -  Run Local Usage
		Usr 0 00:00:03, Sys 0 00:00:01  -  Total Remote Usage
		Usr 0 00:00:00, Sys 0 00:00:00  -  Total Local Usage
	0  -  Run Bytes Sent By Job
	0  -  Run Bytes Received By Job
	0  -  Total Bytes Sent By Job
	0  -  Total Bytes Received By Job
	Partitionable Resources :    Usage  Request Allocated 
	   Cpus                 :        0        1         1 
	   Disk (KB)            :     1000  2048000   2050629 
	   GPUs                 :                           0 
	   Memory (MB)          :      174     2048      2048 
	   TimeExecute (s)      :       12                    
	   TimeSlotBusy (s)     :       21                    

	Job terminated of its own accord at 2024-10-14T10:46:39Z with exit-code 1.
...
