000 (5046099.000.000) 2024-10-14 12:45:56 Job submitted from host: <131.169.223.41:9618?addrs=131.169.223.41-9618+[2001-638-700-10df--1-29]-9618&alias=bird-htc-sched21.desy.de&noUDP&sock=schedd_3603117_2564>
...
001 (5046099.000.000) 2024-10-14 12:46:20 Job executing on host: <131.169.162.176:45623?addrs=131.169.162.176-45623+[2001-638-700-10a0--1-2b0]-45623&alias=batch1574.desy.de>
	SlotName: slot2_36@batch1574.desy.de
	CondorScratchDir = "/var/lib/condor/execute/dir_3927461"
	Cpus = 1
	Disk = 2050634
	GPUs = 0
	Memory = 2048
...
006 (5046099.000.000) 2024-10-14 12:46:29 Image size of job updated: 104168
	102  -  MemoryUsage of job (MB)
	104164  -  ResidentSetSize of job (KB)
...
006 (5046099.000.000) 2024-10-14 12:46:33 Image size of job updated: 263116
	104  -  MemoryUsage of job (MB)
	105988  -  ResidentSetSize of job (KB)
...
005 (5046099.000.000) 2024-10-14 12:46:33 Job terminated.
	(1) Normal termination (return value 1)
		Usr 0 00:00:03, Sys 0 00:00:02  -  Run Remote Usage
		Usr 0 00:00:00, Sys 0 00:00:00  -  Run Local Usage
		Usr 0 00:00:03, Sys 0 00:00:02  -  Total Remote Usage
		Usr 0 00:00:00, Sys 0 00:00:00  -  Total Local Usage
	0  -  Run Bytes Sent By Job
	0  -  Run Bytes Received By Job
	0  -  Total Bytes Sent By Job
	0  -  Total Bytes Received By Job
	Partitionable Resources :    Usage  Request Allocated 
	   Cpus                 :        0        1         1 
	   Disk (KB)            :     1000  2048000   2050634 
	   GPUs                 :                           0 
	   Memory (MB)          :      104     2048      2048 
	   TimeExecute (s)      :       13                    
	   TimeSlotBusy (s)     :       15                    

	Job terminated of its own accord at 2024-10-14T10:46:33Z with exit-code 1.
...
