000 (5046080.000.000) 2024-10-14 12:45:42 Job submitted from host: <131.169.223.41:9618?addrs=131.169.223.41-9618+[2001-638-700-10df--1-29]-9618&alias=bird-htc-sched21.desy.de&noUDP&sock=schedd_3603117_2564>
...
001 (5046080.000.000) 2024-10-14 12:46:18 Job executing on host: <131.169.162.154:33253?addrs=131.169.162.154-33253+[2001-638-700-10a0--1-29a]-33253&alias=batch1154.desy.de>
	SlotName: slot2_44@batch1154.desy.de
	CondorScratchDir = "/var/lib/condor/execute/dir_1292247"
	Cpus = 1
	Disk = 2049529
	GPUs = 0
	Memory = 2048
...
006 (5046080.000.000) 2024-10-14 12:46:26 Image size of job updated: 233592
	229  -  MemoryUsage of job (MB)
	233584  -  ResidentSetSize of job (KB)
...
006 (5046080.000.000) 2024-10-14 12:46:30 Image size of job updated: 405864
	244  -  MemoryUsage of job (MB)
	249000  -  ResidentSetSize of job (KB)
...
005 (5046080.000.000) 2024-10-14 12:46:30 Job terminated.
	(1) Normal termination (return value 1)
		Usr 0 00:00:03, Sys 0 00:00:02  -  Run Remote Usage
		Usr 0 00:00:00, Sys 0 00:00:00  -  Run Local Usage
		Usr 0 00:00:03, Sys 0 00:00:02  -  Total Remote Usage
		Usr 0 00:00:00, Sys 0 00:00:00  -  Total Local Usage
	0  -  Run Bytes Sent By Job
	0  -  Run Bytes Received By Job
	0  -  Total Bytes Sent By Job
	0  -  Total Bytes Received By Job
	Partitionable Resources :    Usage  Request Allocated 
	   Cpus                 :        0        1         1 
	   Disk (KB)            :     1000  2048000   2049529 
	   GPUs                 :                           0 
	   Memory (MB)          :      244     2048      2048 
	   TimeExecute (s)      :       14                    
	   TimeSlotBusy (s)     :       16                    

	Job terminated of its own accord at 2024-10-14T10:46:30Z with exit-code 1.
...
