000 (5046069.001.000) 2024-10-14 12:45:39 Job submitted from host: <131.169.223.41:9618?addrs=131.169.223.41-9618+[2001-638-700-10df--1-29]-9618&alias=bird-htc-sched21.desy.de&noUDP&sock=schedd_3603117_2564>
...
001 (5046069.001.000) 2024-10-14 12:46:14 Job executing on host: <131.169.164.14:36271?addrs=131.169.164.14-36271+[2001-638-700-10a0--1-40e]-36271&alias=bird814.desy.de>
	SlotName: slot2_4@bird814.desy.de
	CondorScratchDir = "/var/lib/condor/execute/dir_38325"
	Cpus = 1
	Disk = 2049024
	GPUs = 0
	Memory = 2048
...
006 (5046069.001.000) 2024-10-14 12:46:23 Image size of job updated: 612324
	598  -  MemoryUsage of job (MB)
	612324  -  ResidentSetSize of job (KB)
...
006 (5046069.001.000) 2024-10-14 12:46:24 Image size of job updated: 643612
	598  -  MemoryUsage of job (MB)
	612324  -  ResidentSetSize of job (KB)
...
005 (5046069.001.000) 2024-10-14 12:46:24 Job terminated.
	(1) Normal termination (return value 1)
		Usr 0 00:00:03, Sys 0 00:00:01  -  Run Remote Usage
		Usr 0 00:00:00, Sys 0 00:00:00  -  Run Local Usage
		Usr 0 00:00:03, Sys 0 00:00:01  -  Total Remote Usage
		Usr 0 00:00:00, Sys 0 00:00:00  -  Total Local Usage
	0  -  Run Bytes Sent By Job
	0  -  Run Bytes Received By Job
	0  -  Total Bytes Sent By Job
	0  -  Total Bytes Received By Job
	Partitionable Resources :    Usage  Request Allocated 
	   Cpus                 :        0        1         1 
	   Disk (KB)            :     1000  2048000   2049024 
	   GPUs                 :                           0 
	   Memory (MB)          :      598     2048      2048 
	   TimeExecute (s)      :       10                    
	   TimeSlotBusy (s)     :       10                    

	Job terminated of its own accord at 2024-10-14T10:46:24Z with exit-code 1.
...
