000 (5046069.000.000) 2024-10-14 12:45:39 Job submitted from host: <131.169.223.41:9618?addrs=131.169.223.41-9618+[2001-638-700-10df--1-29]-9618&alias=bird-htc-sched21.desy.de&noUDP&sock=schedd_3603117_2564>
...
001 (5046069.000.000) 2024-10-14 12:46:14 Job executing on host: <131.169.160.215:37203?addrs=131.169.160.215-37203+[2001-638-700-10a0--1-d7]-37203&alias=batch1357.desy.de>
	SlotName: slot2_45@batch1357.desy.de
	CondorScratchDir = "/var/lib/condor/execute/dir_1761199"
	Cpus = 1
	Disk = 2049530
	GPUs = 0
	Memory = 2048
...
006 (5046069.000.000) 2024-10-14 12:46:23 Image size of job updated: 551988
	540  -  MemoryUsage of job (MB)
	551988  -  ResidentSetSize of job (KB)
...
006 (5046069.000.000) 2024-10-14 12:46:25 Image size of job updated: 616532
	540  -  MemoryUsage of job (MB)
	552244  -  ResidentSetSize of job (KB)
...
005 (5046069.000.000) 2024-10-14 12:46:25 Job terminated.
	(1) Normal termination (return value 1)
		Usr 0 00:00:02, Sys 0 00:00:01  -  Run Remote Usage
		Usr 0 00:00:00, Sys 0 00:00:00  -  Run Local Usage
		Usr 0 00:00:02, Sys 0 00:00:01  -  Total Remote Usage
		Usr 0 00:00:00, Sys 0 00:00:00  -  Total Local Usage
	0  -  Run Bytes Sent By Job
	0  -  Run Bytes Received By Job
	0  -  Total Bytes Sent By Job
	0  -  Total Bytes Received By Job
	Partitionable Resources :    Usage  Request Allocated 
	   Cpus                 :        0        1         1 
	   Disk (KB)            :     1000  2048000   2049530 
	   GPUs                 :                           0 
	   Memory (MB)          :      540     2048      2048 
	   TimeExecute (s)      :       11                    
	   TimeSlotBusy (s)     :       11                    

	Job terminated of its own accord at 2024-10-14T10:46:25Z with exit-code 1.
...
