000 (5046078.000.000) 2024-10-14 12:45:41 Job submitted from host: <131.169.223.41:9618?addrs=131.169.223.41-9618+[2001-638-700-10df--1-29]-9618&alias=bird-htc-sched21.desy.de&noUDP&sock=schedd_3603117_2564>
...
001 (5046078.000.000) 2024-10-14 12:46:18 Job executing on host: <131.169.162.156:46257?addrs=131.169.162.156-46257+[2001-638-700-10a0--1-29c]-46257&alias=batch1156.desy.de>
	SlotName: slot2_7@batch1156.desy.de
	CondorScratchDir = "/var/lib/condor/execute/dir_2481718"
	Cpus = 1
	Disk = 2049417
	GPUs = 0
	Memory = 2048
...
006 (5046078.000.000) 2024-10-14 12:46:26 Image size of job updated: 492052
	481  -  MemoryUsage of job (MB)
	491808  -  ResidentSetSize of job (KB)
...
006 (5046078.000.000) 2024-10-14 12:46:29 Image size of job updated: 625288
	481  -  MemoryUsage of job (MB)
	491808  -  ResidentSetSize of job (KB)
...
005 (5046078.000.000) 2024-10-14 12:46:29 Job terminated.
	(1) Normal termination (return value 1)
		Usr 0 00:00:03, Sys 0 00:00:01  -  Run Remote Usage
		Usr 0 00:00:00, Sys 0 00:00:00  -  Run Local Usage
		Usr 0 00:00:03, Sys 0 00:00:01  -  Total Remote Usage
		Usr 0 00:00:00, Sys 0 00:00:00  -  Total Local Usage
	0  -  Run Bytes Sent By Job
	0  -  Run Bytes Received By Job
	0  -  Total Bytes Sent By Job
	0  -  Total Bytes Received By Job
	Partitionable Resources :    Usage  Request Allocated 
	   Cpus                 :        0        1         1 
	   Disk (KB)            :     1000  2048000   2049417 
	   GPUs                 :                           0 
	   Memory (MB)          :      481     2048      2048 
	   TimeExecute (s)      :       14                    
	   TimeSlotBusy (s)     :       15                    

	Job terminated of its own accord at 2024-10-14T10:46:29Z with exit-code 1.
...
