000 (5046087.006.000) 2024-10-14 12:45:48 Job submitted from host: <131.169.223.41:9618?addrs=131.169.223.41-9618+[2001-638-700-10df--1-29]-9618&alias=bird-htc-sched21.desy.de&noUDP&sock=schedd_3603117_2564>
...
001 (5046087.006.000) 2024-10-14 12:46:20 Job executing on host: <131.169.162.120:36539?addrs=131.169.162.120-36539+[2001-638-700-10a0--1-278]-36539&alias=batch1558.desy.de>
	SlotName: slot2_26@batch1558.desy.de
	CondorScratchDir = "/var/lib/condor/execute/dir_2596944"
	Cpus = 1
	Disk = 2050633
	GPUs = 0
	Memory = 2048
...
006 (5046087.006.000) 2024-10-14 12:46:28 Image size of job updated: 33516
	18  -  MemoryUsage of job (MB)
	17776  -  ResidentSetSize of job (KB)
...
006 (5046087.006.000) 2024-10-14 12:46:36 Image size of job updated: 252580
	82  -  MemoryUsage of job (MB)
	83868  -  ResidentSetSize of job (KB)
...
005 (5046087.006.000) 2024-10-14 12:46:36 Job terminated.
	(1) Normal termination (return value 1)
		Usr 0 00:00:03, Sys 0 00:00:01  -  Run Remote Usage
		Usr 0 00:00:00, Sys 0 00:00:00  -  Run Local Usage
		Usr 0 00:00:03, Sys 0 00:00:01  -  Total Remote Usage
		Usr 0 00:00:00, Sys 0 00:00:00  -  Total Local Usage
	0  -  Run Bytes Sent By Job
	0  -  Run Bytes Received By Job
	0  -  Total Bytes Sent By Job
	0  -  Total Bytes Received By Job
	Partitionable Resources :    Usage  Request Allocated 
	   Cpus                 :        0        1         1 
	   Disk (KB)            :     1000  2048000   2050633 
	   GPUs                 :                           0 
	   Memory (MB)          :       82     2048      2048 
	   TimeExecute (s)      :       16                    
	   TimeSlotBusy (s)     :       18                    

	Job terminated of its own accord at 2024-10-14T10:46:36Z with exit-code 1.
...
