000 (5046132.016.000) 2024-10-14 12:46:24 Job submitted from host: <131.169.223.41:9618?addrs=131.169.223.41-9618+[2001-638-700-10df--1-29]-9618&alias=bird-htc-sched21.desy.de&noUDP&sock=schedd_3603117_2564>
...
001 (5046132.016.000) 2024-10-14 12:46:33 Job executing on host: <131.169.160.220:36899?addrs=131.169.160.220-36899+[2001-638-700-10a0--1-dc]-36899&alias=batch1362.desy.de>
	SlotName: slot2_40@batch1362.desy.de
	CondorScratchDir = "/var/lib/condor/execute/dir_2313759"
	Cpus = 1
	Disk = 2049529
	GPUs = 0
	Memory = 2048
...
006 (5046132.016.000) 2024-10-14 12:46:37 Image size of job updated: 160832
	3  -  MemoryUsage of job (MB)
	2804  -  ResidentSetSize of job (KB)
...
005 (5046132.016.000) 2024-10-14 12:46:37 Job terminated.
	(1) Normal termination (return value 1)
		Usr 0 00:00:02, Sys 0 00:00:01  -  Run Remote Usage
		Usr 0 00:00:00, Sys 0 00:00:00  -  Run Local Usage
		Usr 0 00:00:02, Sys 0 00:00:01  -  Total Remote Usage
		Usr 0 00:00:00, Sys 0 00:00:00  -  Total Local Usage
	0  -  Run Bytes Sent By Job
	0  -  Run Bytes Received By Job
	0  -  Total Bytes Sent By Job
	0  -  Total Bytes Received By Job
	Partitionable Resources :    Usage  Request Allocated 
	   Cpus                 :        0        1         1 
	   Disk (KB)            :     1000  2048000   2049529 
	   GPUs                 :                           0 
	   Memory (MB)          :        3     2048      2048 
	   TimeExecute (s)      :        4                    
	   TimeSlotBusy (s)     :        4                    

	Job terminated of its own accord at 2024-10-14T10:46:37Z with exit-code 1.
...
