000 (5046122.024.000) 2024-10-14 12:46:14 Job submitted from host: <131.169.223.41:9618?addrs=131.169.223.41-9618+[2001-638-700-10df--1-29]-9618&alias=bird-htc-sched21.desy.de&noUDP&sock=schedd_3603117_2564>
...
001 (5046122.024.000) 2024-10-14 12:46:21 Job executing on host: <131.169.162.116:33993?addrs=131.169.162.116-33993+[2001-638-700-10a0--1-274]-33993&alias=batch1554.desy.de>
	SlotName: slot2_89@batch1554.desy.de
	CondorScratchDir = "/var/lib/condor/execute/dir_224712"
	Cpus = 1
	Disk = 2050622
	GPUs = 0
	Memory = 2048
...
006 (5046122.024.000) 2024-10-14 12:46:30 Image size of job updated: 188616
	185  -  MemoryUsage of job (MB)
	188608  -  ResidentSetSize of job (KB)
...
006 (5046122.024.000) 2024-10-14 12:46:45 Image size of job updated: 214648
	185  -  MemoryUsage of job (MB)
	188608  -  ResidentSetSize of job (KB)
...
005 (5046122.024.000) 2024-10-14 12:46:45 Job terminated.
	(1) Normal termination (return value 1)
		Usr 0 00:00:03, Sys 0 00:00:01  -  Run Remote Usage
		Usr 0 00:00:00, Sys 0 00:00:00  -  Run Local Usage
		Usr 0 00:00:03, Sys 0 00:00:01  -  Total Remote Usage
		Usr 0 00:00:00, Sys 0 00:00:00  -  Total Local Usage
	0  -  Run Bytes Sent By Job
	0  -  Run Bytes Received By Job
	0  -  Total Bytes Sent By Job
	0  -  Total Bytes Received By Job
	Partitionable Resources :    Usage  Request Allocated 
	   Cpus                 :        0        1         1 
	   Disk (KB)            :     1000  2048000   2050622 
	   GPUs                 :                           0 
	   Memory (MB)          :      185     2048      2048 
	   TimeExecute (s)      :       24                    
	   TimeSlotBusy (s)     :       26                    

	Job terminated of its own accord at 2024-10-14T10:46:45Z with exit-code 1.
...
