000 (5046122.027.000) 2024-10-14 12:46:14 Job submitted from host: <131.169.223.41:9618?addrs=131.169.223.41-9618+[2001-638-700-10df--1-29]-9618&alias=bird-htc-sched21.desy.de&noUDP&sock=schedd_3603117_2564>
...
001 (5046122.027.000) 2024-10-14 12:46:21 Job executing on host: <131.169.160.216:41997?addrs=131.169.160.216-41997+[2001-638-700-10a0--1-d8]-41997&alias=batch1358.desy.de>
	SlotName: slot2_39@batch1358.desy.de
	CondorScratchDir = "/var/lib/condor/execute/dir_3888375"
	Cpus = 1
	Disk = 2049530
	GPUs = 0
	Memory = 2048
...
006 (5046122.027.000) 2024-10-14 12:46:27 Image size of job updated: 239200
	80  -  MemoryUsage of job (MB)
	81684  -  ResidentSetSize of job (KB)
...
005 (5046122.027.000) 2024-10-14 12:46:27 Job terminated.
	(1) Normal termination (return value 1)
		Usr 0 00:00:02, Sys 0 00:00:01  -  Run Remote Usage
		Usr 0 00:00:00, Sys 0 00:00:00  -  Run Local Usage
		Usr 0 00:00:02, Sys 0 00:00:01  -  Total Remote Usage
		Usr 0 00:00:00, Sys 0 00:00:00  -  Total Local Usage
	0  -  Run Bytes Sent By Job
	0  -  Run Bytes Received By Job
	0  -  Total Bytes Sent By Job
	0  -  Total Bytes Received By Job
	Partitionable Resources :    Usage  Request Allocated 
	   Cpus                 :        0        1         1 
	   Disk (KB)            :     1000  2048000   2049530 
	   GPUs                 :                           0 
	   Memory (MB)          :       80     2048      2048 
	   TimeExecute (s)      :        6                    
	   TimeSlotBusy (s)     :        8                    

	Job terminated of its own accord at 2024-10-14T10:46:27Z with exit-code 1.
...
