000 (5046122.009.000) 2024-10-14 12:46:14 Job submitted from host: <131.169.223.41:9618?addrs=131.169.223.41-9618+[2001-638-700-10df--1-29]-9618&alias=bird-htc-sched21.desy.de&noUDP&sock=schedd_3603117_2564>
...
001 (5046122.009.000) 2024-10-14 12:46:21 Job executing on host: <131.169.162.175:39919?addrs=131.169.162.175-39919+[2001-638-700-10a0--1-2af]-39919&alias=batch1573.desy.de>
	SlotName: slot2_75@batch1573.desy.de
	CondorScratchDir = "/var/lib/condor/execute/dir_1412646"
	Cpus = 1
	Disk = 2050633
	GPUs = 0
	Memory = 2048
...
006 (5046122.009.000) 2024-10-14 12:46:30 Image size of job updated: 53132
	52  -  MemoryUsage of job (MB)
	53132  -  ResidentSetSize of job (KB)
...
006 (5046122.009.000) 2024-10-14 12:46:36 Image size of job updated: 279148
	119  -  MemoryUsage of job (MB)
	121208  -  ResidentSetSize of job (KB)
...
005 (5046122.009.000) 2024-10-14 12:46:36 Job terminated.
	(1) Normal termination (return value 1)
		Usr 0 00:00:03, Sys 0 00:00:02  -  Run Remote Usage
		Usr 0 00:00:00, Sys 0 00:00:00  -  Run Local Usage
		Usr 0 00:00:03, Sys 0 00:00:02  -  Total Remote Usage
		Usr 0 00:00:00, Sys 0 00:00:00  -  Total Local Usage
	0  -  Run Bytes Sent By Job
	0  -  Run Bytes Received By Job
	0  -  Total Bytes Sent By Job
	0  -  Total Bytes Received By Job
	Partitionable Resources :    Usage  Request Allocated 
	   Cpus                 :        0        1         1 
	   Disk (KB)            :     1000  2048000   2050633 
	   GPUs                 :                           0 
	   Memory (MB)          :      119     2048      2048 
	   TimeExecute (s)      :       15                    
	   TimeSlotBusy (s)     :       17                    

	Job terminated of its own accord at 2024-10-14T10:46:36Z with exit-code 1.
...
