000 (5046122.020.000) 2024-10-14 12:46:14 Job submitted from host: <131.169.223.41:9618?addrs=131.169.223.41-9618+[2001-638-700-10df--1-29]-9618&alias=bird-htc-sched21.desy.de&noUDP&sock=schedd_3603117_2564>
...
001 (5046122.020.000) 2024-10-14 12:46:26 Job executing on host: <131.169.160.178:41515?addrs=131.169.160.178-41515+[2001-638-700-10a0--1-b2]-41515&alias=batch1180.desy.de>
	SlotName: slot2_44@batch1180.desy.de
	CondorScratchDir = "/var/lib/condor/execute/dir_1564011"
	Cpus = 1
	Disk = 2049417
	GPUs = 0
	Memory = 2048
...
006 (5046122.020.000) 2024-10-14 12:46:35 Image size of job updated: 229440
	224  -  MemoryUsage of job (MB)
	229208  -  ResidentSetSize of job (KB)
...
006 (5046122.020.000) 2024-10-14 12:46:37 Image size of job updated: 253936
	224  -  MemoryUsage of job (MB)
	229208  -  ResidentSetSize of job (KB)
...
005 (5046122.020.000) 2024-10-14 12:46:37 Job terminated.
	(1) Normal termination (return value 1)
		Usr 0 00:00:03, Sys 0 00:00:02  -  Run Remote Usage
		Usr 0 00:00:00, Sys 0 00:00:00  -  Run Local Usage
		Usr 0 00:00:03, Sys 0 00:00:02  -  Total Remote Usage
		Usr 0 00:00:00, Sys 0 00:00:00  -  Total Local Usage
	0  -  Run Bytes Sent By Job
	0  -  Run Bytes Received By Job
	0  -  Total Bytes Sent By Job
	0  -  Total Bytes Received By Job
	Partitionable Resources :    Usage  Request Allocated 
	   Cpus                 :     0.01        1         1 
	   Disk (KB)            :  1000     2048000   2049417 
	   GPUs                 :                           0 
	   Memory (MB)          :   224        2048      2048 
	   TimeExecute (s)      :    11                       
	   TimeSlotBusy (s)     :    18                       

	Job terminated of its own accord at 2024-10-14T10:46:37Z with exit-code 1.
...
